Using pre-set license

 COMMAND LINE ARGUMENTS:
/Applications/Unity/Hub/Editor/2020.3.6f1/Unity/2021.1.5f1/Unity.app/Contents/MacOS/Unity
-adb2
-batchMode
-noUpm
-name
AssetImportWorker0
-projectPath
/Users/ju/Desktop/Desktop/coding/Unity projects/Simple Mobile Game
-logFile
Logs/AssetImportWorker0.log
-srvPort
49926
Successfully changed project path to: /Users/ju/Desktop/Desktop/coding/Unity projects/Simple Mobile Game
/Users/ju/Desktop/Desktop/coding/Unity projects/Simple Mobile Game
Using Asset Import Pipeline V2.
Refreshing native plugins compatible for Editor in 802.26 ms, found 2 plugins.
Preloading 0 native plugins for Editor in 0.00 ms.
Initialize engine version: 2021.1.5f1 (3737af19df53)
[Subsystems] Discovering subsystems at path /Applications/Unity/Hub/Editor/2020.3.6f1/Unity/2021.1.5f1/Unity.app/Contents/Resources/UnitySubsystems
[Subsystems] Discovering subsystems at path /Users/ju/Desktop/Desktop/coding/Unity projects/Simple Mobile Game/Assets
GfxDevice: creating device client; threaded=0; jobified=0
2021-09-16 11:43:26.265 Unity[2765:34244] Color LCD preferred device: Intel(R) Iris(TM) Graphics 6000 (low power)
2021-09-16 11:43:26.266 Unity[2765:34244] Metal devices available: 1
2021-09-16 11:43:26.266 Unity[2765:34244] 0: Intel(R) Iris(TM) Graphics 6000 (low power)
2021-09-16 11:43:26.266 Unity[2765:34244] Using device Intel(R) Iris(TM) Graphics 6000 (low power)
Initializing Metal device caps: Intel(R) Iris(TM) Graphics 6000
Initialize mono
Mono path[0] = '/Applications/Unity/Hub/Editor/2020.3.6f1/Unity/2021.1.5f1/Unity.app/Contents/Managed'
Mono path[1] = '/Applications/Unity/Hub/Editor/2020.3.6f1/Unity/2021.1.5f1/Unity.app/Contents/MonoBleedingEdge/lib/mono/unityjit'
Mono config path = '/Applications/Unity/Hub/Editor/2020.3.6f1/Unity/2021.1.5f1/Unity.app/Contents/MonoBleedingEdge/etc'
Using monoOptions --debugger-agent=transport=dt_socket,embedding=1,server=y,suspend=n,address=127.0.0.1:56765
Begin MonoManager ReloadAssembly
