Using pre-set license

 COMMAND LINE ARGUMENTS:
/Applications/Unity/Hub/Editor/2020.3.6f1/Unity/2021.1.5f1/Unity.app/Contents/MacOS/Unity
-adb2
-batchMode
-noUpm
-name
AssetImportWorker2
-projectPath
/Users/ju/Desktop/Desktop/coding/Unity projects/Simple Mobile Game
-logFile
Logs/AssetImportWorker2.log
-srvPort
49926
Successfully changed project path to: /Users/ju/Desktop/Desktop/coding/Unity projects/Simple Mobile Game
/Users/ju/Desktop/Desktop/coding/Unity projects/Simple Mobile Game
Using Asset Import Pipeline V2.
Refreshing native plugins compatible for Editor in 234.12 ms, found 2 plugins.
Preloading 0 native plugins for Editor in 0.00 ms.
Initialize engine version: 2021.1.5f1 (3737af19df53)
[Subsystems] Discovering subsystems at path /Applications/Unity/Hub/Editor/2020.3.6f1/Unity/2021.1.5f1/Unity.app/Contents/Resources/UnitySubsystems
[Subsystems] Discovering subsystems at path /Users/ju/Desktop/Desktop/coding/Unity projects/Simple Mobile Game/Assets
GfxDevice: creating device client; threaded=0; jobified=0
2021-09-16 11:44:25.230 Unity[2772:34745] Color LCD preferred device: Intel(R) Iris(TM) Graphics 6000 (low power)
2021-09-16 11:44:25.231 Unity[2772:34745] Metal devices available: 1
2021-09-16 11:44:25.231 Unity[2772:34745] 0: Intel(R) Iris(TM) Graphics 6000 (low power)
2021-09-16 11:44:25.231 Unity[2772:34745] Using device Intel(R) Iris(TM) Graphics 6000 (low power)
Initializing Metal device caps: Intel(R) Iris(TM) Graphics 6000
Initialize mono
Mono path[0] = '/Applications/Unity/Hub/Editor/2020.3.6f1/Unity/2021.1.5f1/Unity.app/Contents/Managed'
Mono path[1] = '/Applications/Unity/Hub/Editor/2020.3.6f1/Unity/2021.1.5f1/Unity.app/Contents/MonoBleedingEdge/lib/mono/unityjit'
Mono config path = '/Applications/Unity/Hub/Editor/2020.3.6f1/Unity/2021.1.5f1/Unity.app/Contents/MonoBleedingEdge/etc'
Using monoOptions --debugger-agent=transport=dt_socket,embedding=1,server=y,suspend=n,address=127.0.0.1:56772
Begin MonoManager ReloadAssembly
Registering precompiled unity dll's ...
Register platform support module: /Applications/Unity/Hub/Editor/2020.3.6f1/Unity/2021.1.5f1/Unity.app/Contents/PlaybackEngines/MacStandaloneSupport/UnityEditor.OSXStandalone.Extensions.dll
Registered in 0.007209 seconds.
Native extension for OSXStandalone target not found
Refreshing native plugins compatible for Editor in 151.22 ms, found 2 plugins.
Preloading 0 native plugins for Editor in 0.00 ms.
Mono: successfully reloaded assembly
- Completed reload, in  8.442 seconds
Platform modules already initialized, skipping
Registering precompiled user dll's ...
Registered in 0.032546 seconds.
Begin MonoManager ReloadAssembly
Native extension for OSXStandalone target not found
Refreshing native plugins compatible for Editor in 140.12 ms, found 2 plugins.
Preloading 0 native plugins for Editor in 0.00 ms.
Mono: successfully reloaded assembly
- Completed reload, in  2.342 seconds
Platform modules already initialized, skipping
========================================================================
Worker process is ready to serve import requests
Launching external process: /Applications/Unity/Hub/Editor/2020.3.6f1/Unity/2021.1.5f1/Unity.app/Contents/Tools/UnityShaderCompiler
Launched and connected shader compiler UnityShaderCompiler after 0.19 seconds
Refreshing native plugins compatible for Editor in 1.71 ms, found 2 plugins.
Preloading 0 native plugins for Editor in 0.00 ms.
Unloading 3521 Unused Serialized files (Serialized files now loaded: 0)
System memory in use before: 212.3 MB.
System memory in use after: 212.4 MB.

Unloading 52 unused Assets to reduce memory usage. Loaded Objects now: 3951.
Total: 3.694476 ms (FindLiveObjects: 0.364003 ms CreateObjectMapping: 0.177915 ms MarkObjects: 2.975513 ms  DeleteObjects: 0.175487 ms)

========================================================================
Received Import Request.
  path: Assets/Player.cs
  artifactKey: Guid(8845e71ce11224860818c596fa8c35f8) Importer(815301076,1909f56bfc062723c751e8b465ee728b)
Start importing Assets/Player.cs using Guid(8845e71ce11224860818c596fa8c35f8) Importer(815301076,1909f56bfc062723c751e8b465ee728b)  -> (artifact id: '6a1eb0512ab4c566074acb672c55b6a0') in 1.138729 seconds 
========================================================================
Received Prepare
Refreshing native plugins compatible for Editor in 28.89 ms, found 2 plugins.
Preloading 0 native plugins for Editor in 0.00 ms.
Unloading 38 Unused Serialized files (Serialized files now loaded: 0)
System memory in use before: 147.8 MB.
System memory in use after: 147.9 MB.

Unloading 38 unused Assets to reduce memory usage. Loaded Objects now: 3951.
Total: 45.508481 ms (FindLiveObjects: 1.163902 ms CreateObjectMapping: 0.229504 ms MarkObjects: 43.849252 ms  DeleteObjects: 0.263196 ms)

========================================================================
Received Import Request.
  Time since last request: 374.525415 seconds.
  path: Assets/Player.cs
  artifactKey: Guid(8845e71ce11224860818c596fa8c35f8) Importer(815301076,1909f56bfc062723c751e8b465ee728b)
Start importing Assets/Player.cs using Guid(8845e71ce11224860818c596fa8c35f8) Importer(815301076,1909f56bfc062723c751e8b465ee728b)  -> (artifact id: '918733b380ab39417a5eafa8999a84ef') in 0.134739 seconds 
========================================================================
Received Import Request.
  Time since last request: 51.347232 seconds.
  path: Assets/Player.cs
  artifactKey: Guid(8845e71ce11224860818c596fa8c35f8) Importer(815301076,1909f56bfc062723c751e8b465ee728b)
Start importing Assets/Player.cs using Guid(8845e71ce11224860818c596fa8c35f8) Importer(815301076,1909f56bfc062723c751e8b465ee728b)  -> (artifact id: 'a6a2378682bb803fae724d675d35b642') in 0.005278 seconds 
========================================================================
Received Import Request.
  Time since last request: 49.933746 seconds.
  path: Assets/Player.cs
  artifactKey: Guid(8845e71ce11224860818c596fa8c35f8) Importer(815301076,1909f56bfc062723c751e8b465ee728b)
Start importing Assets/Player.cs using Guid(8845e71ce11224860818c596fa8c35f8) Importer(815301076,1909f56bfc062723c751e8b465ee728b)  -> (artifact id: '3561931a5b22e426780082fa36c390f4') in 0.029409 seconds 
========================================================================
Received Prepare
Registering precompiled user dll's ...
Registered in 0.007340 seconds.
Begin MonoManager ReloadAssembly
Native extension for OSXStandalone target not found
Refreshing native plugins compatible for Editor in 1.02 ms, found 2 plugins.
Preloading 0 native plugins for Editor in 0.00 ms.
Mono: successfully reloaded assembly
- Completed reload, in  2.345 seconds
Platform modules already initialized, skipping
Switching build target platform(2) subTarget(0) extendedPlatform(0) -> platform(13) subTarget(537395200) extendedPlatform(0)
Refreshing native plugins compatible for Editor in 1.73 ms, found 2 plugins.
Preloading 0 native plugins for Editor in 0.00 ms.
Unloading 3519 Unused Serialized files (Serialized files now loaded: 0)
System memory in use before: 217.0 MB.
System memory in use after: 217.1 MB.

Unloading 40 unused Assets to reduce memory usage. Loaded Objects now: 3955.
Total: 3.507372 ms (FindLiveObjects: 0.379613 ms CreateObjectMapping: 0.182333 ms MarkObjects: 2.794928 ms  DeleteObjects: 0.148938 ms)

AssetImportParameters requested are different than current active one (requested -> active):
  custom:graphics/normal-map-encoding: 01000000000000000000000000000000 -> 02000000000000000000000000000000
========================================================================
Received Import Request.
  Time since last request: 83.411674 seconds.
  path: Assets/Player.cs
  artifactKey: Guid(8845e71ce11224860818c596fa8c35f8) Importer(815301076,1909f56bfc062723c751e8b465ee728b)
Start importing Assets/Player.cs using Guid(8845e71ce11224860818c596fa8c35f8) Importer(815301076,1909f56bfc062723c751e8b465ee728b)  -> (artifact id: 'cb29521a0156e0826195a5448dec7f05') in 0.024124 seconds 
========================================================================
Received Import Request.
  Time since last request: 91.206604 seconds.
  path: Assets/CameraMovement.cs
  artifactKey: Guid(664ec6bd425cc4deea8466a3c8d9b385) Importer(815301076,1909f56bfc062723c751e8b465ee728b)
Start importing Assets/CameraMovement.cs using Guid(664ec6bd425cc4deea8466a3c8d9b385) Importer(815301076,1909f56bfc062723c751e8b465ee728b)  -> (artifact id: '19b04daae13ecd8f71c02490335f1c39') in 0.010345 seconds 
========================================================================
Received Prepare
Registering precompiled user dll's ...
Registered in 0.012592 seconds.
Begin MonoManager ReloadAssembly
Native extension for OSXStandalone target not found
Refreshing native plugins compatible for Editor in 1.06 ms, found 2 plugins.
Preloading 0 native plugins for Editor in 0.00 ms.
Mono: successfully reloaded assembly
- Completed reload, in  2.216 seconds
Platform modules already initialized, skipping
Switching build target platform(2) subTarget(0) extendedPlatform(0) -> platform(13) subTarget(537395200) extendedPlatform(0)
Refreshing native plugins compatible for Editor in 1.02 ms, found 2 plugins.
Preloading 0 native plugins for Editor in 0.00 ms.
Unloading 3519 Unused Serialized files (Serialized files now loaded: 0)
System memory in use before: 217.2 MB.
System memory in use after: 217.4 MB.

Unloading 40 unused Assets to reduce memory usage. Loaded Objects now: 3959.
Total: 13.059675 ms (FindLiveObjects: 0.883925 ms CreateObjectMapping: 0.590002 ms MarkObjects: 11.351980 ms  DeleteObjects: 0.231256 ms)

AssetImportParameters requested are different than current active one (requested -> active):
  custom:graphics/normal-map-encoding: 01000000000000000000000000000000 -> 02000000000000000000000000000000
========================================================================
Received Import Request.
  Time since last request: 458.912754 seconds.
  path: Assets/ObstacleSmash.cs
  artifactKey: Guid(a4da935d40d264fe1aad72769a1cf930) Importer(815301076,1909f56bfc062723c751e8b465ee728b)
Start importing Assets/ObstacleSmash.cs using Guid(a4da935d40d264fe1aad72769a1cf930) Importer(815301076,1909f56bfc062723c751e8b465ee728b)  -> (artifact id: '1b8ae6d4f7cddfbc4e30d564d9f71744') in 0.212676 seconds 
========================================================================
Received Prepare
Registering precompiled user dll's ...
Registered in 0.015294 seconds.
Begin MonoManager ReloadAssembly
Native extension for OSXStandalone target not found
Refreshing native plugins compatible for Editor in 1.78 ms, found 2 plugins.
Preloading 0 native plugins for Editor in 0.00 ms.
Mono: successfully reloaded assembly
- Completed reload, in  2.765 seconds
Platform modules already initialized, skipping
Switching build target platform(2) subTarget(0) extendedPlatform(0) -> platform(13) subTarget(537395200) extendedPlatform(0)
Refreshing native plugins compatible for Editor in 2.16 ms, found 2 plugins.
Preloading 0 native plugins for Editor in 0.00 ms.
Unloading 3520 Unused Serialized files (Serialized files now loaded: 0)
System memory in use before: 217.5 MB.
System memory in use after: 217.6 MB.

Unloading 40 unused Assets to reduce memory usage. Loaded Objects now: 3964.
Total: 9.963673 ms (FindLiveObjects: 1.019196 ms CreateObjectMapping: 1.194655 ms MarkObjects: 7.287572 ms  DeleteObjects: 0.459085 ms)

AssetImportParameters requested are different than current active one (requested -> active):
  custom:graphics/normal-map-encoding: 01000000000000000000000000000000 -> 02000000000000000000000000000000
========================================================================
Received Prepare
Registering precompiled user dll's ...
Registered in 0.008035 seconds.
Begin MonoManager ReloadAssembly
Native extension for OSXStandalone target not found
Refreshing native plugins compatible for Editor in 1.16 ms, found 2 plugins.
Preloading 0 native plugins for Editor in 0.00 ms.
Mono: successfully reloaded assembly
- Completed reload, in  2.449 seconds
Platform modules already initialized, skipping
Switching build target platform(2) subTarget(0) extendedPlatform(0) -> platform(13) subTarget(537395200) extendedPlatform(0)
Refreshing native plugins compatible for Editor in 2.17 ms, found 2 plugins.
Preloading 0 native plugins for Editor in 0.00 ms.
Unloading 3520 Unused Serialized files (Serialized files now loaded: 0)
System memory in use before: 217.7 MB.
System memory in use after: 217.9 MB.

Unloading 40 unused Assets to reduce memory usage. Loaded Objects now: 3968.
Total: 3.717455 ms (FindLiveObjects: 0.326143 ms CreateObjectMapping: 0.184672 ms MarkObjects: 3.030985 ms  DeleteObjects: 0.174079 ms)

AssetImportParameters requested are different than current active one (requested -> active):
  custom:graphics/normal-map-encoding: 01000000000000000000000000000000 -> 02000000000000000000000000000000
========================================================================
Received Import Request.
  Time since last request: 84.022602 seconds.
  path: Assets/ObstacleSmash.cs
  artifactKey: Guid(a4da935d40d264fe1aad72769a1cf930) Importer(815301076,1909f56bfc062723c751e8b465ee728b)
Start importing Assets/ObstacleSmash.cs using Guid(a4da935d40d264fe1aad72769a1cf930) Importer(815301076,1909f56bfc062723c751e8b465ee728b)  -> (artifact id: 'ca897f30574871552e4a380657308efd') in 0.020074 seconds 
========================================================================
Received Prepare
Registering precompiled user dll's ...
Registered in 0.007144 seconds.
Begin MonoManager ReloadAssembly
Native extension for OSXStandalone target not found
Refreshing native plugins compatible for Editor in 1.18 ms, found 2 plugins.
Preloading 0 native plugins for Editor in 0.00 ms.
Mono: successfully reloaded assembly
- Completed reload, in  2.374 seconds
Platform modules already initialized, skipping
Switching build target platform(2) subTarget(0) extendedPlatform(0) -> platform(13) subTarget(537395200) extendedPlatform(0)
Refreshing native plugins compatible for Editor in 1.12 ms, found 2 plugins.
Preloading 0 native plugins for Editor in 0.00 ms.
Unloading 3520 Unused Serialized files (Serialized files now loaded: 0)
System memory in use before: 218.0 MB.
System memory in use after: 218.1 MB.

Unloading 40 unused Assets to reduce memory usage. Loaded Objects now: 3972.
Total: 3.643158 ms (FindLiveObjects: 0.403903 ms CreateObjectMapping: 0.204525 ms MarkObjects: 2.831118 ms  DeleteObjects: 0.191680 ms)

AssetImportParameters requested are different than current active one (requested -> active):
  custom:graphics/normal-map-encoding: 01000000000000000000000000000000 -> 02000000000000000000000000000000
========================================================================
Received Import Request.
  Time since last request: 251.955857 seconds.
  path: Assets/Prefabs/Food.prefab
  artifactKey: Guid(ded0937d8fad048238d2a021ee52fff7) Importer(815301076,1909f56bfc062723c751e8b465ee728b)
Start importing Assets/Prefabs/Food.prefab using Guid(ded0937d8fad048238d2a021ee52fff7) Importer(815301076,1909f56bfc062723c751e8b465ee728b)  -> (artifact id: '88a6cf118ab08b9b08a2b830cdd19457') in 3.189259 seconds 
========================================================================
Received Import Request.
  Time since last request: 47.646459 seconds.
  path: Assets/Prefabs/Food.prefab
  artifactKey: Guid(ded0937d8fad048238d2a021ee52fff7) Importer(815301076,1909f56bfc062723c751e8b465ee728b)
Start importing Assets/Prefabs/Food.prefab using Guid(ded0937d8fad048238d2a021ee52fff7) Importer(815301076,1909f56bfc062723c751e8b465ee728b)  -> (artifact id: '4eef6cfde30eaa11661b9faa471e1137') in 0.055779 seconds 
========================================================================
Received Import Request.
  Time since last request: 13.939126 seconds.
  path: Assets/Prefabs/Food.prefab
  artifactKey: Guid(ded0937d8fad048238d2a021ee52fff7) Importer(815301076,1909f56bfc062723c751e8b465ee728b)
Start importing Assets/Prefabs/Food.prefab using Guid(ded0937d8fad048238d2a021ee52fff7) Importer(815301076,1909f56bfc062723c751e8b465ee728b)  -> (artifact id: 'e02c3a5d02af1ee3875a228661a28563') in 0.029954 seconds 
========================================================================
Received Import Request.
  Time since last request: 65.129110 seconds.
  path: Assets/Prefabs/Food.prefab
  artifactKey: Guid(ded0937d8fad048238d2a021ee52fff7) Importer(815301076,1909f56bfc062723c751e8b465ee728b)
Start importing Assets/Prefabs/Food.prefab using Guid(ded0937d8fad048238d2a021ee52fff7) Importer(815301076,1909f56bfc062723c751e8b465ee728b)  -> (artifact id: '9e8ef2f4e3fd792caffe8ddf468f2c60') in 0.054923 seconds 
========================================================================
Received Import Request.
  Time since last request: 81.693794 seconds.
  path: Assets/ObstacleSmash.cs
  artifactKey: Guid(a4da935d40d264fe1aad72769a1cf930) Importer(815301076,1909f56bfc062723c751e8b465ee728b)
Start importing Assets/ObstacleSmash.cs using Guid(a4da935d40d264fe1aad72769a1cf930) Importer(815301076,1909f56bfc062723c751e8b465ee728b)  -> (artifact id: 'ad643941be9b926072306aef970c99e2') in 0.024416 seconds 
========================================================================
Received Prepare
Registering precompiled user dll's ...
Registered in 0.008279 seconds.
Begin MonoManager ReloadAssembly
Native extension for OSXStandalone target not found
Refreshing native plugins compatible for Editor in 1.01 ms, found 2 plugins.
Preloading 0 native plugins for Editor in 0.00 ms.
Mono: successfully reloaded assembly
- Completed reload, in  2.975 seconds
Platform modules already initialized, skipping
Switching build target platform(2) subTarget(0) extendedPlatform(0) -> platform(13) subTarget(537395200) extendedPlatform(0)
Refreshing native plugins compatible for Editor in 1.91 ms, found 2 plugins.
Preloading 0 native plugins for Editor in 0.00 ms.
Unloading 3520 Unused Serialized files (Serialized files now loaded: 0)
System memory in use before: 227.0 MB.
System memory in use after: 227.1 MB.

Unloading 40 unused Assets to reduce memory usage. Loaded Objects now: 3983.
Total: 3.545842 ms (FindLiveObjects: 0.404173 ms CreateObjectMapping: 0.185973 ms MarkObjects: 2.758988 ms  DeleteObjects: 0.195040 ms)

AssetImportParameters requested are different than current active one (requested -> active):
  custom:graphics/normal-map-encoding: 01000000000000000000000000000000 -> 02000000000000000000000000000000
========================================================================
Received Import Request.
  Time since last request: 80.209339 seconds.
  path: Assets/Prefabs/Food.prefab
  artifactKey: Guid(ded0937d8fad048238d2a021ee52fff7) Importer(815301076,1909f56bfc062723c751e8b465ee728b)
Start importing Assets/Prefabs/Food.prefab using Guid(ded0937d8fad048238d2a021ee52fff7) Importer(815301076,1909f56bfc062723c751e8b465ee728b)  -> (artifact id: 'b470295a181e7f89a5d6347bf3ade72d') in 0.130852 seconds 
========================================================================
Received Import Request.
  Time since last request: 1.058579 seconds.
  path: Assets/Prefabs/Food.prefab
  artifactKey: Guid(ded0937d8fad048238d2a021ee52fff7) Importer(815301076,1909f56bfc062723c751e8b465ee728b)
Start importing Assets/Prefabs/Food.prefab using Guid(ded0937d8fad048238d2a021ee52fff7) Importer(815301076,1909f56bfc062723c751e8b465ee728b)  -> (artifact id: 'f5c7342e051bdfcf7bf7cc4305a98c05') in 0.025340 seconds 
========================================================================
Received Import Request.
  Time since last request: 130.817060 seconds.
  path: Assets/ObstacleSmash.cs
  artifactKey: Guid(a4da935d40d264fe1aad72769a1cf930) Importer(815301076,1909f56bfc062723c751e8b465ee728b)
Start importing Assets/ObstacleSmash.cs using Guid(a4da935d40d264fe1aad72769a1cf930) Importer(815301076,1909f56bfc062723c751e8b465ee728b)  -> (artifact id: '2ef4cd7f23c1eb03211a5be277ef0c6f') in 0.017062 seconds 
========================================================================
Received Prepare
Registering precompiled user dll's ...
Registered in 0.018785 seconds.
Begin MonoManager ReloadAssembly
Native extension for OSXStandalone target not found
Refreshing native plugins compatible for Editor in 1.87 ms, found 2 plugins.
Preloading 0 native plugins for Editor in 0.00 ms.
Mono: successfully reloaded assembly
- Completed reload, in  2.157 seconds
Platform modules already initialized, skipping
Switching build target platform(2) subTarget(0) extendedPlatform(0) -> platform(13) subTarget(537395200) extendedPlatform(0)
Refreshing native plugins compatible for Editor in 1.25 ms, found 2 plugins.
Preloading 0 native plugins for Editor in 0.00 ms.
Unloading 3520 Unused Serialized files (Serialized files now loaded: 0)
System memory in use before: 227.3 MB.
System memory in use after: 227.4 MB.

Unloading 40 unused Assets to reduce memory usage. Loaded Objects now: 3988.
Total: 5.514636 ms (FindLiveObjects: 0.586466 ms CreateObjectMapping: 0.481614 ms MarkObjects: 4.268853 ms  DeleteObjects: 0.175006 ms)

AssetImportParameters requested are different than current active one (requested -> active):
  custom:graphics/normal-map-encoding: 01000000000000000000000000000000 -> 02000000000000000000000000000000
========================================================================
Received Prepare
Registering precompiled user dll's ...
Registered in 0.020796 seconds.
Begin MonoManager ReloadAssembly
Native extension for OSXStandalone target not found
Refreshing native plugins compatible for Editor in 0.96 ms, found 2 plugins.
Preloading 0 native plugins for Editor in 0.00 ms.
Mono: successfully reloaded assembly
- Completed reload, in  2.058 seconds
Platform modules already initialized, skipping
Switching build target platform(2) subTarget(0) extendedPlatform(0) -> platform(13) subTarget(537395200) extendedPlatform(0)
Refreshing native plugins compatible for Editor in 1.68 ms, found 2 plugins.
Preloading 0 native plugins for Editor in 0.00 ms.
Unloading 3520 Unused Serialized files (Serialized files now loaded: 0)
System memory in use before: 227.5 MB.
System memory in use after: 227.6 MB.

Unloading 40 unused Assets to reduce memory usage. Loaded Objects now: 3992.
Total: 3.325239 ms (FindLiveObjects: 0.318870 ms CreateObjectMapping: 0.175076 ms MarkObjects: 2.677951 ms  DeleteObjects: 0.152025 ms)

AssetImportParameters requested are different than current active one (requested -> active):
  custom:graphics/normal-map-encoding: 01000000000000000000000000000000 -> 02000000000000000000000000000000
