Using pre-set license

 COMMAND LINE ARGUMENTS:
/Applications/Unity/Hub/Editor/2020.3.6f1/Unity/2021.1.5f1/Unity.app/Contents/MacOS/Unity
-adb2
-batchMode
-noUpm
-name
AssetImportWorker1
-projectPath
/Users/ju/Desktop/Desktop/coding/Unity projects/Simple Mobile Game
-logFile
Logs/AssetImportWorker1.log
-srvPort
50085
Successfully changed project path to: /Users/ju/Desktop/Desktop/coding/Unity projects/Simple Mobile Game
/Users/ju/Desktop/Desktop/coding/Unity projects/Simple Mobile Game
Using Asset Import Pipeline V2.
Refreshing native plugins compatible for Editor in 299.21 ms, found 2 plugins.
Preloading 0 native plugins for Editor in 0.00 ms.
Initialize engine version: 2021.1.5f1 (3737af19df53)
[Subsystems] Discovering subsystems at path /Applications/Unity/Hub/Editor/2020.3.6f1/Unity/2021.1.5f1/Unity.app/Contents/Resources/UnitySubsystems
[Subsystems] Discovering subsystems at path /Users/ju/Desktop/Desktop/coding/Unity projects/Simple Mobile Game/Assets
GfxDevice: creating device client; threaded=0; jobified=0
2021-09-02 12:19:12.722 Unity[2975:44205] Color LCD preferred device: Intel(R) Iris(TM) Graphics 6000 (low power)
2021-09-02 12:19:12.722 Unity[2975:44205] Metal devices available: 1
2021-09-02 12:19:12.722 Unity[2975:44205] 0: Intel(R) Iris(TM) Graphics 6000 (low power)
2021-09-02 12:19:12.723 Unity[2975:44205] Using device Intel(R) Iris(TM) Graphics 6000 (low power)
Initializing Metal device caps: Intel(R) Iris(TM) Graphics 6000
Initialize mono
Mono path[0] = '/Applications/Unity/Hub/Editor/2020.3.6f1/Unity/2021.1.5f1/Unity.app/Contents/Managed'
Mono path[1] = '/Applications/Unity/Hub/Editor/2020.3.6f1/Unity/2021.1.5f1/Unity.app/Contents/MonoBleedingEdge/lib/mono/unityjit'
Mono config path = '/Applications/Unity/Hub/Editor/2020.3.6f1/Unity/2021.1.5f1/Unity.app/Contents/MonoBleedingEdge/etc'
Using monoOptions --debugger-agent=transport=dt_socket,embedding=1,server=y,suspend=n,address=127.0.0.1:56975
Begin MonoManager ReloadAssembly
Registering precompiled unity dll's ...
Register platform support module: /Applications/Unity/Hub/Editor/2020.3.6f1/Unity/2021.1.5f1/Unity.app/Contents/PlaybackEngines/MacStandaloneSupport/UnityEditor.OSXStandalone.Extensions.dll
Registered in 0.003735 seconds.
Native extension for OSXStandalone target not found
Refreshing native plugins compatible for Editor in 153.95 ms, found 2 plugins.
Preloading 0 native plugins for Editor in 0.00 ms.
Mono: successfully reloaded assembly
- Completed reload, in 10.574 seconds
Platform modules already initialized, skipping
Registering precompiled user dll's ...
Registered in 0.040043 seconds.
Begin MonoManager ReloadAssembly
Native extension for OSXStandalone target not found
Refreshing native plugins compatible for Editor in 183.09 ms, found 2 plugins.
Preloading 0 native plugins for Editor in 0.00 ms.
Mono: successfully reloaded assembly
- Completed reload, in  2.903 seconds
Platform modules already initialized, skipping
